[2016-10-28 04:15:28] local.ERROR: PDOException: SQLSTATE[42S02]: Base table or view not found: 1146 Table 'oechr.clubs' doesn't exist in /Applications/MAMP/htdocs/oechr/api/vendor/laravel/framework/src/Illuminate/Database/Connection.php:333
Stack trace:
#0 /Applications/MAMP/htdocs/oechr/api/vendor/laravel/framework/src/Illuminate/Database/Connection.php(333): PDO->prepare('select `clubs`....')
#1 /Applications/MAMP/htdocs/oechr/api/vendor/laravel/framework/src/Illuminate/Database/Connection.php(706): Illuminate\Database\Connection->Illuminate\Database\{closure}(Object(Illuminate\Database\MySqlConnection), 'select `clubs`....', Array)
#2 /Applications/MAMP/htdocs/oechr/api/vendor/laravel/framework/src/Illuminate/Database/Connection.php(669): Illuminate\Database\Connection->runQueryCallback('select `clubs`....', Array, Object(Closure))
#3 /Applications/MAMP/htdocs/oechr/api/vendor/laravel/framework/src/Illuminate/Database/Connection.php(342): Illuminate\Database\Connection->run('select `clubs`....', Array, Object(Closure))
#4 /Applications/MAMP/htdocs/oechr/api/vendor/laravel/framework/src/Illuminate/Database/Query/Builder.php(1583): Illuminate\Database\Connection->select('select `clubs`....', Array, true)
#5 /Applications/MAMP/htdocs/oechr/api/vendor/laravel/framework/src/Illuminate/Database/Query/Builder.php(1569): Illuminate\Database\Query\Builder->runSelect()
#6 /Applications/MAMP/htdocs/oechr/api/vendor/laravel/framework/src/Illuminate/Database/Eloquent/Builder.php(624): Illuminate\Database\Query\Builder->get(Array)
#7 /Applications/MAMP/htdocs/oechr/api/vendor/laravel/framework/src/Illuminate/Database/Eloquent/Relations/BelongsToMany.php(212): Illuminate\Database\Eloquent\Builder->getModels()
#8 /Applications/MAMP/htdocs/oechr/api/vendor/laravel/framework/src/Illuminate/Database/Eloquent/Relations/Relation.php(113): Illuminate\Database\Eloquent\Relations\BelongsToMany->get()
#9 /Applications/MAMP/htdocs/oechr/api/vendor/laravel/framework/src/Illuminate/Database/Eloquent/Builder.php(675): Illuminate\Database\Eloquent\Relations\Relation->getEager()
#10 /Applications/MAMP/htdocs/oechr/api/vendor/laravel/framework/src/Illuminate/Database/Eloquent/Builder.php(644): Illuminate\Database\Eloquent\Builder->loadRelation(Array, 'clubs', Object(Closure))
#11 /Applications/MAMP/htdocs/oechr/api/vendor/laravel/framework/src/Illuminate/Database/Eloquent/Collection.php(45): Illuminate\Database\Eloquent\Builder->eagerLoadRelations(Array)
#12 /Applications/MAMP/htdocs/oechr/api/app/Http/Controllers/UserController.php(625): Illuminate\Database\Eloquent\Collection->load(Array, 'clubs', 'place')
#13 [internal function]: App\Http\Controllers\UserController->getBusinesses()
#14 /Applications/MAMP/htdocs/oechr/api/vendor/laravel/framework/src/Illuminate/Routing/Controller.php(80): call_user_func_array(Array, Array)
#15 /Applications/MAMP/htdocs/oechr/api/vendor/laravel/framework/src/Illuminate/Routing/ControllerDispatcher.php(146): Illuminate\Routing\Controller->callAction('getBusinesses', Array)
#16 /Applications/MAMP/htdocs/oechr/api/vendor/laravel/framework/src/Illuminate/Routing/ControllerDispatcher.php(94): Illuminate\Routing\ControllerDispatcher->call(Object(App\Http\Controllers\UserController), Object(Illuminate\Routing\Route), 'getBusinesses')
#17 [internal function]: Illuminate\Routing\ControllerDispatcher->Illuminate\Routing\{closure}(Object(Illuminate\Http\Request))
#18 /Applications/MAMP/htdocs/oechr/api/vendor/laravel/framework/src/Illuminate/Routing/Pipeline.php(52): call_user_func(Object(Closure), Object(Illuminate\Http\Request))
#19 [internal function]: Illuminate\Routing\Pipeline->Illuminate\Routing\{closure}(Object(Illuminate\Http\Request))
#20 /Applications/MAMP/htdocs/oechr/api/vendor/laravel/framework/src/Illuminate/Pipeline/Pipeline.php(102): call_user_func(Object(Closure), Object(Illuminate\Http\Request))
#21 /Applications/MAMP/htdocs/oechr/api/vendor/laravel/framework/src/Illuminate/Routing/ControllerDispatcher.php(96): Illuminate\Pipeline\Pipeline->then(Object(Closure))
#22 /Applications/MAMP/htdocs/oechr/api/vendor/laravel/framework/src/Illuminate/Routing/ControllerDispatcher.php(54): Illuminate\Routing\ControllerDispatcher->callWithinStack(Object(App\Http\Controllers\UserController), Object(Illuminate\Routing\Route), Object(Illuminate\Http\Request), 'getBusinesses')
#23 /Applications/MAMP/htdocs/oechr/api/vendor/laravel/framework/src/Illuminate/Routing/Route.php(174): Illuminate\Routing\ControllerDispatcher->dispatch(Object(Illuminate\Routing\Route), Object(Illuminate\Http\Request), 'App\\Http\\Contro...', 'getBusinesses')
#24 /Applications/MAMP/htdocs/oechr/api/vendor/laravel/framework/src/Illuminate/Routing/Route.php(140): Illuminate\Routing\Route->runController(Object(Illuminate\Http\Request))
#25 /Applications/MAMP/htdocs/oechr/api/vendor/laravel/framework/src/Illuminate/Routing/Router.php(724): Illuminate\Routing\Route->run(Object(Illuminate\Http\Request))
#26 [internal function]: Illuminate\Routing\Router->Illuminate\Routing\{closure}(Object(Illuminate\Http\Request))
#27 /Applications/MAMP/htdocs/oechr/api/vendor/laravel/framework/src/Illuminate/Routing/Pipeline.php(52): call_user_func(Object(Closure), Object(Illuminate\Http\Request))
#28 /Applications/MAMP/htdocs/oechr/api/vendor/laravel/framework/src/Illuminate/Foundation/Http/Middleware/VerifyCsrfToken.php(64): Illuminate\Routing\Pipeline->Illuminate\Routing\{closure}(Object(Illuminate\Http\Request))
#29 [internal function]: Illuminate\Foundation\Http\Middleware\VerifyCsrfToken->handle(Object(Illuminate\Http\Request), Object(Closure))
#30 /Applications/MAMP/htdocs/oechr/api/vendor/laravel/framework/src/Illuminate/Pipeline/Pipeline.php(136): call_user_func_array(Array, Array)
#31 [internal function]: Illuminate\Pipeline\Pipeline->Illuminate\Pipeline\{closure}(Object(Illuminate\Http\Request))
#32 /Applications/MAMP/htdocs/oechr/api/vendor/laravel/framework/src/Illuminate/Routing/Pipeline.php(32): call_user_func(Object(Closure), Object(Illuminate\Http\Request))
#33 /Applications/MAMP/htdocs/oechr/api/vendor/laravel/framework/src/Illuminate/View/Middleware/ShareErrorsFromSession.php(49): Illuminate\Routing\Pipeline->Illuminate\Routing\{closure}(Object(Illuminate\Http\Request))
#34 [internal function]: Illuminate\View\Middleware\ShareErrorsFromSession->handle(Object(Illuminate\Http\Request), Object(Closure))
#35 /Applications/MAMP/htdocs/oechr/api/vendor/laravel/framework/src/Illuminate/Pipeline/Pipeline.php(136): call_user_func_array(Array, Array)
#36 [internal function]: Illuminate\Pipeline\Pipeline->Illuminate\Pipeline\{closure}(Object(Illuminate\Http\Request))
#37 /Applications/MAMP/htdocs/oechr/api/vendor/laravel/framework/src/Illuminate/Routing/Pipeline.php(32): call_user_func(Object(Closure), Object(Illuminate\Http\Request))
#38 /Applications/MAMP/htdocs/oechr/api/vendor/laravel/framework/src/Illuminate/Session/Middleware/StartSession.php(62): Illuminate\Routing\Pipeline->Illuminate\Routing\{closure}(Object(Illuminate\Http\Request))
#39 [internal function]: Illuminate\Session\Middleware\StartSession->handle(Object(Illuminate\Http\Request), Object(Closure))
#40 /Applications/MAMP/htdocs/oechr/api/vendor/laravel/framework/src/Illuminate/Pipeline/Pipeline.php(136): call_user_func_array(Array, Array)
#41 [internal function]: Illuminate\Pipeline\Pipeline->Illuminate\Pipeline\{closure}(Object(Illuminate\Http\Request))
#42 /Applications/MAMP/htdocs/oechr/api/vendor/laravel/framework/src/Illuminate/Routing/Pipeline.php(32): call_user_func(Object(Closure), Object(Illuminate\Http\Request))
#43 /Applications/MAMP/htdocs/oechr/api/vendor/laravel/framework/src/Illuminate/Cookie/Middleware/AddQueuedCookiesToResponse.php(37): Illuminate\Routing\Pipeline->Illuminate\Routing\{closure}(Object(Illuminate\Http\Request))
#44 [internal function]: Illuminate\Cookie\Middleware\AddQueuedCookiesToResponse->handle(Object(Illuminate\Http\Request), Object(Closure))
#45 /Applications/MAMP/htdocs/oechr/api/vendor/laravel/framework/src/Illuminate/Pipeline/Pipeline.php(136): call_user_func_array(Array, Array)
#46 [internal function]: Illuminate\Pipeline\Pipeline->Illuminate\Pipeline\{closure}(Object(Illuminate\Http\Request))
#47 /Applications/MAMP/htdocs/oechr/api/vendor/laravel/framework/src/Illuminate/Routing/Pipeline.php(32): call_user_func(Object(Closure), Object(Illuminate\Http\Request))
#48 /Applications/MAMP/htdocs/oechr/api/vendor/laravel/framework/src/Illuminate/Cookie/Middleware/EncryptCookies.php(59): Illuminate\Routing\Pipeline->Illuminate\Routing\{closure}(Object(Illuminate\Http\Request))
#49 [internal function]: Illuminate\Cookie\Middleware\EncryptCookies->handle(Object(Illuminate\Http\Request), Object(Closure))
#50 /Applications/MAMP/htdocs/oechr/api/vendor/laravel/framework/src/Illuminate/Pipeline/Pipeline.php(136): call_user_func_array(Array, Array)
#51 [internal function]: Illuminate\Pipeline\Pipeline->Illuminate\Pipeline\{closure}(Object(Illuminate\Http\Request))
#52 /Applications/MAMP/htdocs/oechr/api/vendor/laravel/framework/src/Illuminate/Routing/Pipeline.php(32): call_user_func(Object(Closure), Object(Illuminate\Http\Request))
#53 [internal function]: Illuminate\Routing\Pipeline->Illuminate\Routing\{closure}(Object(Illuminate\Http\Request))
#54 /Applications/MAMP/htdocs/oechr/api/vendor/laravel/framework/src/Illuminate/Pipeline/Pipeline.php(102): call_user_func(Object(Closure), Object(Illuminate\Http\Request))
#55 /Applications/MAMP/htdocs/oechr/api/vendor/laravel/framework/src/Illuminate/Routing/Router.php(726): Illuminate\Pipeline\Pipeline->then(Object(Closure))
#56 /Applications/MAMP/htdocs/oechr/api/vendor/laravel/framework/src/Illuminate/Routing/Router.php(699): Illuminate\Routing\Router->runRouteWithinStack(Object(Illuminate\Routing\Route), Object(Illuminate\Http\Request))
#57 /Applications/MAMP/htdocs/oechr/api/vendor/laravel/framework/src/Illuminate/Routing/Router.php(675): Illuminate\Routing\Router->dispatchToRoute(Object(Illuminate\Http\Request))
#58 /Applications/MAMP/htdocs/oechr/api/vendor/laravel/framework/src/Illuminate/Foundation/Http/Kernel.php(246): Illuminate\Routing\Router->dispatch(Object(Illuminate\Http\Request))
#59 [internal function]: Illuminate\Foundation\Http\Kernel->Illuminate\Foundation\Http\{closure}(Object(Illuminate\Http\Request))
#60 /Applications/MAMP/htdocs/oechr/api/vendor/laravel/framework/src/Illuminate/Routing/Pipeline.php(52): call_user_func(Object(Closure), Object(Illuminate\Http\Request))
#61 /Applications/MAMP/htdocs/oechr/api/vendor/laravel/framework/src/Illuminate/Foundation/Http/Middleware/CheckForMaintenanceMode.php(44): Illuminate\Routing\Pipeline->Illuminate\Routing\{closure}(Object(Illuminate\Http\Request))
#62 [internal function]: Illuminate\Foundation\Http\Middleware\CheckForMaintenanceMode->handle(Object(Illuminate\Http\Request), Object(Closure))
#63 /Applications/MAMP/htdocs/oechr/api/vendor/laravel/framework/src/Illuminate/Pipeline/Pipeline.php(136): call_user_func_array(Array, Array)
#64 [internal function]: Illuminate\Pipeline\Pipeline->Illuminate\Pipeline\{closure}(Object(Illuminate\Http\Request))
#65 /Applications/MAMP/htdocs/oechr/api/vendor/laravel/framework/src/Illuminate/Routing/Pipeline.php(32): call_user_func(Object(Closure), Object(Illuminate\Http\Request))
#66 [internal function]: Illuminate\Routing\Pipeline->Illuminate\Routing\{closure}(Object(Illuminate\Http\Request))
#67 /Applications/MAMP/htdocs/oechr/api/vendor/laravel/framework/src/Illuminate/Pipeline/Pipeline.php(102): call_user_func(Object(Closure), Object(Illuminate\Http\Request))
#68 /Applications/MAMP/htdocs/oechr/api/vendor/laravel/framework/src/Illuminate/Foundation/Http/Kernel.php(132): Illuminate\Pipeline\Pipeline->then(Object(Closure))
#69 /Applications/MAMP/htdocs/oechr/api/vendor/laravel/framework/src/Illuminate/Foundation/Http/Kernel.php(99): Illuminate\Foundation\Http\Kernel->sendRequestThroughRouter(Object(Illuminate\Http\Request))
#70 /Applications/MAMP/htdocs/oechr/api/public/index.php(53): Illuminate\Foundation\Http\Kernel->handle(Object(Illuminate\Http\Request))
#71 {main}

Next Illuminate\Database\QueryException: SQLSTATE[42S02]: Base table or view not found: 1146 Table 'oechr.clubs' doesn't exist (SQL: select `clubs`.*, `business_club`.`business_id` as `pivot_business_id`, `business_club`.`club_id` as `pivot_club_id` from `clubs` inner join `business_club` on `clubs`.`id` = `business_club`.`club_id` where `business_club`.`business_id` in (1)) in /Applications/MAMP/htdocs/oechr/api/vendor/laravel/framework/src/Illuminate/Database/Connection.php:713
Stack trace:
#0 /Applications/MAMP/htdocs/oechr/api/vendor/laravel/framework/src/Illuminate/Database/Connection.php(669): Illuminate\Database\Connection->runQueryCallback('select `clubs`....', Array, Object(Closure))
#1 /Applications/MAMP/htdocs/oechr/api/vendor/laravel/framework/src/Illuminate/Database/Connection.php(342): Illuminate\Database\Connection->run('select `clubs`....', Array, Object(Closure))
#2 /Applications/MAMP/htdocs/oechr/api/vendor/laravel/framework/src/Illuminate/Database/Query/Builder.php(1583): Illuminate\Database\Connection->select('select `clubs`....', Array, true)
#3 /Applications/MAMP/htdocs/oechr/api/vendor/laravel/framework/src/Illuminate/Database/Query/Builder.php(1569): Illuminate\Database\Query\Builder->runSelect()
#4 /Applications/MAMP/htdocs/oechr/api/vendor/laravel/framework/src/Illuminate/Database/Eloquent/Builder.php(624): Illuminate\Database\Query\Builder->get(Array)
#5 /Applications/MAMP/htdocs/oechr/api/vendor/laravel/framework/src/Illuminate/Database/Eloquent/Relations/BelongsToMany.php(212): Illuminate\Database\Eloquent\Builder->getModels()
#6 /Applications/MAMP/htdocs/oechr/api/vendor/laravel/framework/src/Illuminate/Database/Eloquent/Relations/Relation.php(113): Illuminate\Database\Eloquent\Relations\BelongsToMany->get()
#7 /Applications/MAMP/htdocs/oechr/api/vendor/laravel/framework/src/Illuminate/Database/Eloquent/Builder.php(675): Illuminate\Database\Eloquent\Relations\Relation->getEager()
#8 /Applications/MAMP/htdocs/oechr/api/vendor/laravel/framework/src/Illuminate/Database/Eloquent/Builder.php(644): Illuminate\Database\Eloquent\Builder->loadRelation(Array, 'clubs', Object(Closure))
#9 /Applications/MAMP/htdocs/oechr/api/vendor/laravel/framework/src/Illuminate/Database/Eloquent/Collection.php(45): Illuminate\Database\Eloquent\Builder->eagerLoadRelations(Array)
#10 /Applications/MAMP/htdocs/oechr/api/app/Http/Controllers/UserController.php(625): Illuminate\Database\Eloquent\Collection->load(Array, 'clubs', 'place')
#11 [internal function]: App\Http\Controllers\UserController->getBusinesses()
#12 /Applications/MAMP/htdocs/oechr/api/vendor/laravel/framework/src/Illuminate/Routing/Controller.php(80): call_user_func_array(Array, Array)
#13 /Applications/MAMP/htdocs/oechr/api/vendor/laravel/framework/src/Illuminate/Routing/ControllerDispatcher.php(146): Illuminate\Routing\Controller->callAction('getBusinesses', Array)
#14 /Applications/MAMP/htdocs/oechr/api/vendor/laravel/framework/src/Illuminate/Routing/ControllerDispatcher.php(94): Illuminate\Routing\ControllerDispatcher->call(Object(App\Http\Controllers\UserController), Object(Illuminate\Routing\Route), 'getBusinesses')
#15 [internal function]: Illuminate\Routing\ControllerDispatcher->Illuminate\Routing\{closure}(Object(Illuminate\Http\Request))
#16 /Applications/MAMP/htdocs/oechr/api/vendor/laravel/framework/src/Illuminate/Routing/Pipeline.php(52): call_user_func(Object(Closure), Object(Illuminate\Http\Request))
#17 [internal function]: Illuminate\Routing\Pipeline->Illuminate\Routing\{closure}(Object(Illuminate\Http\Request))
#18 /Applications/MAMP/htdocs/oechr/api/vendor/laravel/framework/src/Illuminate/Pipeline/Pipeline.php(102): call_user_func(Object(Closure), Object(Illuminate\Http\Request))
#19 /Applications/MAMP/htdocs/oechr/api/vendor/laravel/framework/src/Illuminate/Routing/ControllerDispatcher.php(96): Illuminate\Pipeline\Pipeline->then(Object(Closure))
#20 /Applications/MAMP/htdocs/oechr/api/vendor/laravel/framework/src/Illuminate/Routing/ControllerDispatcher.php(54): Illuminate\Routing\ControllerDispatcher->callWithinStack(Object(App\Http\Controllers\UserController), Object(Illuminate\Routing\Route), Object(Illuminate\Http\Request), 'getBusinesses')
#21 /Applications/MAMP/htdocs/oechr/api/vendor/laravel/framework/src/Illuminate/Routing/Route.php(174): Illuminate\Routing\ControllerDispatcher->dispatch(Object(Illuminate\Routing\Route), Object(Illuminate\Http\Request), 'App\\Http\\Contro...', 'getBusinesses')
#22 /Applications/MAMP/htdocs/oechr/api/vendor/laravel/framework/src/Illuminate/Routing/Route.php(140): Illuminate\Routing\Route->runController(Object(Illuminate\Http\Request))
#23 /Applications/MAMP/htdocs/oechr/api/vendor/laravel/framework/src/Illuminate/Routing/Router.php(724): Illuminate\Routing\Route->run(Object(Illuminate\Http\Request))
#24 [internal function]: Illuminate\Routing\Router->Illuminate\Routing\{closure}(Object(Illuminate\Http\Request))
#25 /Applications/MAMP/htdocs/oechr/api/vendor/laravel/framework/src/Illuminate/Routing/Pipeline.php(52): call_user_func(Object(Closure), Object(Illuminate\Http\Request))
#26 /Applications/MAMP/htdocs/oechr/api/vendor/laravel/framework/src/Illuminate/Foundation/Http/Middleware/VerifyCsrfToken.php(64): Illuminate\Routing\Pipeline->Illuminate\Routing\{closure}(Object(Illuminate\Http\Request))
#27 [internal function]: Illuminate\Foundation\Http\Middleware\VerifyCsrfToken->handle(Object(Illuminate\Http\Request), Object(Closure))
#28 /Applications/MAMP/htdocs/oechr/api/vendor/laravel/framework/src/Illuminate/Pipeline/Pipeline.php(136): call_user_func_array(Array, Array)
#29 [internal function]: Illuminate\Pipeline\Pipeline->Illuminate\Pipeline\{closure}(Object(Illuminate\Http\Request))
#30 /Applications/MAMP/htdocs/oechr/api/vendor/laravel/framework/src/Illuminate/Routing/Pipeline.php(32): call_user_func(Object(Closure), Object(Illuminate\Http\Request))
#31 /Applications/MAMP/htdocs/oechr/api/vendor/laravel/framework/src/Illuminate/View/Middleware/ShareErrorsFromSession.php(49): Illuminate\Routing\Pipeline->Illuminate\Routing\{closure}(Object(Illuminate\Http\Request))
#32 [internal function]: Illuminate\View\Middleware\ShareErrorsFromSession->handle(Object(Illuminate\Http\Request), Object(Closure))
#33 /Applications/MAMP/htdocs/oechr/api/vendor/laravel/framework/src/Illuminate/Pipeline/Pipeline.php(136): call_user_func_array(Array, Array)
#34 [internal function]: Illuminate\Pipeline\Pipeline->Illuminate\Pipeline\{closure}(Object(Illuminate\Http\Request))
#35 /Applications/MAMP/htdocs/oechr/api/vendor/laravel/framework/src/Illuminate/Routing/Pipeline.php(32): call_user_func(Object(Closure), Object(Illuminate\Http\Request))
#36 /Applications/MAMP/htdocs/oechr/api/vendor/laravel/framework/src/Illuminate/Session/Middleware/StartSession.php(62): Illuminate\Routing\Pipeline->Illuminate\Routing\{closure}(Object(Illuminate\Http\Request))
#37 [internal function]: Illuminate\Session\Middleware\StartSession->handle(Object(Illuminate\Http\Request), Object(Closure))
#38 /Applications/MAMP/htdocs/oechr/api/vendor/laravel/framework/src/Illuminate/Pipeline/Pipeline.php(136): call_user_func_array(Array, Array)
#39 [internal function]: Illuminate\Pipeline\Pipeline->Illuminate\Pipeline\{closure}(Object(Illuminate\Http\Request))
#40 /Applications/MAMP/htdocs/oechr/api/vendor/laravel/framework/src/Illuminate/Routing/Pipeline.php(32): call_user_func(Object(Closure), Object(Illuminate\Http\Request))
#41 /Applications/MAMP/htdocs/oechr/api/vendor/laravel/framework/src/Illuminate/Cookie/Middleware/AddQueuedCookiesToResponse.php(37): Illuminate\Routing\Pipeline->Illuminate\Routing\{closure}(Object(Illuminate\Http\Request))
#42 [internal function]: Illuminate\Cookie\Middleware\AddQueuedCookiesToResponse->handle(Object(Illuminate\Http\Request), Object(Closure))
#43 /Applications/MAMP/htdocs/oechr/api/vendor/laravel/framework/src/Illuminate/Pipeline/Pipeline.php(136): call_user_func_array(Array, Array)
#44 [internal function]: Illuminate\Pipeline\Pipeline->Illuminate\Pipeline\{closure}(Object(Illuminate\Http\Request))
#45 /Applications/MAMP/htdocs/oechr/api/vendor/laravel/framework/src/Illuminate/Routing/Pipeline.php(32): call_user_func(Object(Closure), Object(Illuminate\Http\Request))
#46 /Applications/MAMP/htdocs/oechr/api/vendor/laravel/framework/src/Illuminate/Cookie/Middleware/EncryptCookies.php(59): Illuminate\Routing\Pipeline->Illuminate\Routing\{closure}(Object(Illuminate\Http\Request))
#47 [internal function]: Illuminate\Cookie\Middleware\EncryptCookies->handle(Object(Illuminate\Http\Request), Object(Closure))
#48 /Applications/MAMP/htdocs/oechr/api/vendor/laravel/framework/src/Illuminate/Pipeline/Pipeline.php(136): call_user_func_array(Array, Array)
#49 [internal function]: Illuminate\Pipeline\Pipeline->Illuminate\Pipeline\{closure}(Object(Illuminate\Http\Request))
#50 /Applications/MAMP/htdocs/oechr/api/vendor/laravel/framework/src/Illuminate/Routing/Pipeline.php(32): call_user_func(Object(Closure), Object(Illuminate\Http\Request))
#51 [internal function]: Illuminate\Routing\Pipeline->Illuminate\Routing\{closure}(Object(Illuminate\Http\Request))
#52 /Applications/MAMP/htdocs/oechr/api/vendor/laravel/framework/src/Illuminate/Pipeline/Pipeline.php(102): call_user_func(Object(Closure), Object(Illuminate\Http\Request))
#53 /Applications/MAMP/htdocs/oechr/api/vendor/laravel/framework/src/Illuminate/Routing/Router.php(726): Illuminate\Pipeline\Pipeline->then(Object(Closure))
#54 /Applications/MAMP/htdocs/oechr/api/vendor/laravel/framework/src/Illuminate/Routing/Router.php(699): Illuminate\Routing\Router->runRouteWithinStack(Object(Illuminate\Routing\Route), Object(Illuminate\Http\Request))
#55 /Applications/MAMP/htdocs/oechr/api/vendor/laravel/framework/src/Illuminate/Routing/Router.php(675): Illuminate\Routing\Router->dispatchToRoute(Object(Illuminate\Http\Request))
#56 /Applications/MAMP/htdocs/oechr/api/vendor/laravel/framework/src/Illuminate/Foundation/Http/Kernel.php(246): Illuminate\Routing\Router->dispatch(Object(Illuminate\Http\Request))
#57 [internal function]: Illuminate\Foundation\Http\Kernel->Illuminate\Foundation\Http\{closure}(Object(Illuminate\Http\Request))
#58 /Applications/MAMP/htdocs/oechr/api/vendor/laravel/framework/src/Illuminate/Routing/Pipeline.php(52): call_user_func(Object(Closure), Object(Illuminate\Http\Request))
#59 /Applications/MAMP/htdocs/oechr/api/vendor/laravel/framework/src/Illuminate/Foundation/Http/Middleware/CheckForMaintenanceMode.php(44): Illuminate\Routing\Pipeline->Illuminate\Routing\{closure}(Object(Illuminate\Http\Request))
#60 [internal function]: Illuminate\Foundation\Http\Middleware\CheckForMaintenanceMode->handle(Object(Illuminate\Http\Request), Object(Closure))
#61 /Applications/MAMP/htdocs/oechr/api/vendor/laravel/framework/src/Illuminate/Pipeline/Pipeline.php(136): call_user_func_array(Array, Array)
#62 [internal function]: Illuminate\Pipeline\Pipeline->Illuminate\Pipeline\{closure}(Object(Illuminate\Http\Request))
#63 /Applications/MAMP/htdocs/oechr/api/vendor/laravel/framework/src/Illuminate/Routing/Pipeline.php(32): call_user_func(Object(Closure), Object(Illuminate\Http\Request))
#64 [internal function]: Illuminate\Routing\Pipeline->Illuminate\Routing\{closure}(Object(Illuminate\Http\Request))
#65 /Applications/MAMP/htdocs/oechr/api/vendor/laravel/framework/src/Illuminate/Pipeline/Pipeline.php(102): call_user_func(Object(Closure), Object(Illuminate\Http\Request))
#66 /Applications/MAMP/htdocs/oechr/api/vendor/laravel/framework/src/Illuminate/Foundation/Http/Kernel.php(132): Illuminate\Pipeline\Pipeline->then(Object(Closure))
#67 /Applications/MAMP/htdocs/oechr/api/vendor/laravel/framework/src/Illuminate/Foundation/Http/Kernel.php(99): Illuminate\Foundation\Http\Kernel->sendRequestThroughRouter(Object(Illuminate\Http\Request))
#68 /Applications/MAMP/htdocs/oechr/api/public/index.php(53): Illuminate\Foundation\Http\Kernel->handle(Object(Illuminate\Http\Request))
#69 {main}  
