[2016-12-05 19:52:12] PaylineSDK.INFO: __construct {"merchant_id":"402272*******9","access_key":"z****************g9s","proxy_host":"localhost","proxy_port":"8888","proxy_login":"","proxy_password":"","environment":"HOMO"} []
[2016-12-05 19:52:12] PaylineSDK.INFO: doWebPaymentRequest {"order.ref":"PHP-1480963930"} []
[2016-12-05 19:52:12] PaylineSDK.ERROR: Exception occured at doWebPayment call {"code":0,"message":"Could not connect to host","endpoint":"https://homologation.payline.com/V4/services/WebPaymentAPI"} []
[2016-12-05 19:53:16] PaylineSDK.INFO: __construct {"merchant_id":"402272*******9","access_key":"z****************g9s","proxy_host":"localhost","proxy_port":"8888","proxy_login":"","proxy_password":"","environment":"HOMO"} []
[2016-12-05 19:53:16] PaylineSDK.INFO: doWebPaymentRequest {"order.ref":"PHP-1480963994"} []
[2016-12-05 19:53:16] PaylineSDK.ERROR: Exception occured at doWebPayment call {"code":0,"message":"Could not connect to host","endpoint":"https://homologation.payline.com/V4/services/WebPaymentAPI"} []
[2016-12-05 19:54:22] PaylineSDK.INFO: __construct {"merchant_id":"402272*******9","access_key":"z****************g9s","proxy_host":"","proxy_port":"","proxy_login":"","proxy_password":"","environment":"HOMO"} []
[2016-12-05 19:54:22] PaylineSDK.INFO: doWebPaymentRequest {"order.ref":"PHP-1480964052"} []
[2016-12-05 19:54:22] PaylineSDK.INFO: doWebPaymentResponse {"result.code":"02303"} []
[2016-12-05 19:56:17] PaylineSDK.INFO: __construct {"merchant_id":"402272*******9","access_key":"z****************g9s","proxy_host":"","proxy_port":"","proxy_login":"","proxy_password":"","environment":"HOMO"} []
[2016-12-05 19:56:18] PaylineSDK.INFO: doWebPaymentRequest {"order.ref":"PHP-1480964175"} []
[2016-12-05 19:56:18] PaylineSDK.INFO: doWebPaymentResponse {"result.code":"02303"} []
[2016-12-05 19:56:28] PaylineSDK.INFO: __construct {"merchant_id":"402272*******9","access_key":"z****************g9s","proxy_host":"","proxy_port":"","proxy_login":"","proxy_password":"","environment":"HOMO"} []
[2016-12-05 19:56:29] PaylineSDK.INFO: doAuthorizationRequest {"order.ref":"PHP-1480964185","payment.contractNumber":"","payment.amount":"1000"} []
[2016-12-05 19:56:29] PaylineSDK.INFO: doAuthorizationResponse {"result.code":"02303","transaction.id":""} []
[2016-12-05 19:56:44] PaylineSDK.INFO: __construct {"merchant_id":"402272*******9","access_key":"z****************g9s","proxy_host":"","proxy_port":"","proxy_login":"","proxy_password":"","environment":"HOMO"} []
[2016-12-05 19:56:45] PaylineSDK.INFO: verifyAuthenticationRequest {"contractNumber":"","card.number":"4970********5670"} []
[2016-12-05 19:56:45] PaylineSDK.INFO: verifyAuthenticationResponse {"result.code":"02303"} []
[2016-12-05 20:02:17] PaylineSDK.INFO: __construct {"merchant_id":"402272*******9","access_key":"z****************g9s","proxy_host":"","proxy_port":"","proxy_login":"","proxy_password":"","environment":"HOMO"} []
[2016-12-05 20:02:17] PaylineSDK.INFO: doWebPaymentRequest {"order.ref":"PHP-1480964535"} []
[2016-12-05 20:02:17] PaylineSDK.INFO: doWebPaymentResponse {"result.code":"02303"} []
[2016-12-05 20:02:20] PaylineSDK.INFO: __construct {"merchant_id":"402272*******9","access_key":"z****************g9s","proxy_host":"","proxy_port":"","proxy_login":"","proxy_password":"","environment":"HOMO"} []
[2016-12-05 20:02:23] PaylineSDK.INFO: __construct {"merchant_id":"402272*******9","access_key":"z****************g9s","proxy_host":"","proxy_port":"","proxy_login":"","proxy_password":"","environment":"HOMO"} []
[2016-12-05 20:02:26] PaylineSDK.INFO: __construct {"merchant_id":"402272*******9","access_key":"z****************g9s","proxy_host":"","proxy_port":"","proxy_login":"","proxy_password":"","environment":"HOMO"} []
[2016-12-05 20:02:28] PaylineSDK.INFO: __construct {"merchant_id":"402272*******9","access_key":"z****************g9s","proxy_host":"","proxy_port":"","proxy_login":"","proxy_password":"","environment":"HOMO"} []
[2016-12-05 20:02:30] PaylineSDK.INFO: __construct {"merchant_id":"402272*******9","access_key":"z****************g9s","proxy_host":"","proxy_port":"","proxy_login":"","proxy_password":"","environment":"HOMO"} []
[2016-12-05 20:02:34] PaylineSDK.INFO: __construct {"merchant_id":"402272*******9","access_key":"z****************g9s","proxy_host":"","proxy_port":"","proxy_login":"","proxy_password":"","environment":"HOMO"} []
