[2016-12-06 00:16:56] PaylineSDK.INFO: __construct {"merchant_id":"402272*******9","access_key":"z****************g9s","proxy_host":"","proxy_port":"","proxy_login":"","proxy_password":"","environment":"HOMO"} []
[2016-12-06 00:16:58] PaylineSDK.INFO: doWebPaymentRequest {"order.ref":"PHP-1480979813"} []
[2016-12-06 00:16:58] PaylineSDK.INFO: doWebPaymentResponse {"result.code":"00000","token":"2hVyKGOeyVxKrI9E10731480979817410"} []
[2016-12-06 00:17:13] PaylineSDK.INFO: __construct {"merchant_id":"402272*******9","access_key":"z****************g9s","proxy_host":"","proxy_port":"","proxy_login":"","proxy_password":"","environment":"HOMO"} []
[2016-12-06 00:17:17] PaylineSDK.INFO: __construct {"merchant_id":"402272*******9","access_key":"z****************g9s","proxy_host":"","proxy_port":"","proxy_login":"","proxy_password":"","environment":"HOMO"} []
[2016-12-06 00:17:33] PaylineSDK.INFO: __construct {"merchant_id":"402272*******9","access_key":"z****************g9s","proxy_host":"","proxy_port":"","proxy_login":"","proxy_password":"","environment":"HOMO"} []
[2016-12-06 00:17:57] PaylineSDK.INFO: __construct {"merchant_id":"402272*******9","access_key":"z****************g9s","proxy_host":"","proxy_port":"","proxy_login":"","proxy_password":"","environment":"HOMO"} []
[2016-12-06 00:18:02] PaylineSDK.INFO: __construct {"merchant_id":"402272*******9","access_key":"z****************g9s","proxy_host":"","proxy_port":"","proxy_login":"","proxy_password":"","environment":"HOMO"} []
[2016-12-06 00:18:04] PaylineSDK.INFO: __construct {"merchant_id":"402272*******9","access_key":"z****************g9s","proxy_host":"","proxy_port":"","proxy_login":"","proxy_password":"","environment":"HOMO"} []
[2016-12-06 00:18:11] PaylineSDK.INFO: __construct {"merchant_id":"402272*******9","access_key":"z****************g9s","proxy_host":"","proxy_port":"","proxy_login":"","proxy_password":"","environment":"HOMO"} []
[2016-12-06 00:18:11] PaylineSDK.INFO: doWebPaymentRequest {"order.ref":"PHP-1480979887"} []
[2016-12-06 00:18:11] PaylineSDK.INFO: doWebPaymentResponse {"result.code":"00000","token":"20vNAOVHtGUrGaHQI6861480979890921"} []
[2016-12-06 00:18:16] PaylineSDK.INFO: __construct {"merchant_id":"402272*******9","access_key":"z****************g9s","proxy_host":"","proxy_port":"","proxy_login":"","proxy_password":"","environment":"HOMO"} []
[2016-12-06 00:18:17] PaylineSDK.INFO: doWebPaymentRequest {"order.ref":"PHP-1480979893"} []
[2016-12-06 00:18:17] PaylineSDK.INFO: doWebPaymentResponse {"result.code":"00000","token":"2OfMxqj8yh4F4CVjv9511480979896736"} []
[2016-12-06 00:18:38] PaylineSDK.INFO: __construct {"merchant_id":"402272*******9","access_key":"z****************g9s","proxy_host":"","proxy_port":"","proxy_login":"","proxy_password":"","environment":"HOMO"} []
[2016-12-06 00:18:39] PaylineSDK.INFO: doWebPaymentRequest {"order.ref":"PHP-1480979907"} []
[2016-12-06 00:18:39] PaylineSDK.INFO: doWebPaymentResponse {"result.code":"00000","token":"2qjBQdbEOxPlACaOX4971480979918722"} []
[2016-12-06 00:18:49] PaylineSDK.INFO: __construct {"merchant_id":"402272*******9","access_key":"z****************g9s","proxy_host":"","proxy_port":"","proxy_login":"","proxy_password":"","environment":"HOMO"} []
[2016-12-06 00:18:52] PaylineSDK.INFO: doAuthorizationRequest {"order.ref":"PHP-1480979922","payment.contractNumber":"1234567","payment.amount":"1000"} []
[2016-12-06 00:18:52] PaylineSDK.INFO: doAuthorizationResponse {"result.code":"00000","transaction.id":"26341001851254"} []
[2016-12-06 00:19:12] PaylineSDK.INFO: __construct {"merchant_id":"402272*******9","access_key":"z****************g9s","proxy_host":"","proxy_port":"","proxy_login":"","proxy_password":"","environment":"HOMO"} []
[2016-12-06 00:19:14] PaylineSDK.INFO: __construct {"merchant_id":"402272*******9","access_key":"z****************g9s","proxy_host":"","proxy_port":"","proxy_login":"","proxy_password":"","environment":"HOMO"} []
[2016-12-06 00:19:52] PaylineSDK.INFO: __construct {"merchant_id":"402272*******9","access_key":"z****************g9s","proxy_host":"","proxy_port":"","proxy_login":"","proxy_password":"","environment":"HOMO"} []
[2016-12-06 00:23:26] PaylineSDK.INFO: __construct {"merchant_id":"402272*******9","access_key":"z****************g9s","proxy_host":"","proxy_port":"","proxy_login":"","proxy_password":"","environment":"HOMO"} []
[2016-12-06 00:23:27] PaylineSDK.INFO: doAuthorizationRequest {"order.ref":"PHP-1480980196","payment.contractNumber":"1234567","payment.amount":"1000"} []
[2016-12-06 00:23:27] PaylineSDK.INFO: doAuthorizationResponse {"result.code":"00000","transaction.id":"26341002326261"} []
[2016-12-06 00:24:48] PaylineSDK.INFO: __construct {"merchant_id":"402272*******9","access_key":"z****************g9s","proxy_host":"","proxy_port":"","proxy_login":"","proxy_password":"","environment":"HOMO"} []
[2016-12-06 00:25:02] PaylineSDK.INFO: doCreditRequest {"payment.contractNumber":"1234567","order.ref":"PHP-1480980284","card.number":"4970********5670"} []
[2016-12-06 00:25:02] PaylineSDK.ERROR: Exception occured at doCredit call {"code":0,"message":"Could not connect to host","endpoint":"https://homologation.payline.com/V4/services/DirectPaymentAPI"} []
