0 info it worked if it ends with ok
1 verbose cli [ '/usr/local/bin/node',
1 verbose cli   '/usr/local/bin/npm',
1 verbose cli   'install',
1 verbose cli   'ng2-file-upload',
1 verbose cli   '--save' ]
2 info using npm@2.15.8
3 info using node@v4.4.7
4 verbose install initial load of /Applications/MAMP/htdocs/oechr/package.json
5 verbose installManyTop reading scoped package data from /Applications/MAMP/htdocs/oechr/node_modules/angular2-in-memory-web-api/package.json
6 verbose installManyTop reading scoped package data from /Applications/MAMP/htdocs/oechr/node_modules/angular2-notifications/package.json
7 verbose installManyTop reading scoped package data from /Applications/MAMP/htdocs/oechr/node_modules/bootstrap/package.json
8 verbose installManyTop reading scoped package data from /Applications/MAMP/htdocs/oechr/node_modules/canonical-path/package.json
9 verbose installManyTop reading scoped package data from /Applications/MAMP/htdocs/oechr/node_modules/concurrently/package.json
10 verbose installManyTop reading scoped package data from /Applications/MAMP/htdocs/oechr/node_modules/core-js/package.json
11 verbose installManyTop reading scoped package data from /Applications/MAMP/htdocs/oechr/node_modules/elixir-typescript/package.json
12 verbose installManyTop reading scoped package data from /Applications/MAMP/htdocs/oechr/node_modules/gulp/package.json
13 verbose installManyTop reading scoped package data from /Applications/MAMP/htdocs/oechr/node_modules/http-server/package.json
14 verbose installManyTop reading scoped package data from /Applications/MAMP/htdocs/oechr/node_modules/jasmine-core/package.json
15 verbose installManyTop reading scoped package data from /Applications/MAMP/htdocs/oechr/node_modules/karma/package.json
16 verbose installManyTop reading scoped package data from /Applications/MAMP/htdocs/oechr/node_modules/karma-chrome-launcher/package.json
17 verbose installManyTop reading scoped package data from /Applications/MAMP/htdocs/oechr/node_modules/karma-cli/package.json
18 verbose installManyTop reading scoped package data from /Applications/MAMP/htdocs/oechr/node_modules/karma-htmlfile-reporter/package.json
19 verbose installManyTop reading scoped package data from /Applications/MAMP/htdocs/oechr/node_modules/karma-jasmine/package.json
20 verbose installManyTop reading scoped package data from /Applications/MAMP/htdocs/oechr/node_modules/laravel-elixir/package.json
21 verbose installManyTop reading scoped package data from /Applications/MAMP/htdocs/oechr/node_modules/lite-server/package.json
22 verbose installManyTop reading scoped package data from /Applications/MAMP/htdocs/oechr/node_modules/lodash/package.json
23 verbose installManyTop reading scoped package data from /Applications/MAMP/htdocs/oechr/node_modules/ng2-bootstrap/package.json
24 verbose installManyTop reading scoped package data from /Applications/MAMP/htdocs/oechr/node_modules/ng2-img-cropper/package.json
25 verbose installManyTop reading scoped package data from /Applications/MAMP/htdocs/oechr/node_modules/ng2-slim-loading-bar/package.json
26 verbose installManyTop reading scoped package data from /Applications/MAMP/htdocs/oechr/node_modules/protractor/package.json
27 verbose installManyTop reading scoped package data from /Applications/MAMP/htdocs/oechr/node_modules/reflect-metadata/package.json
28 verbose installManyTop reading scoped package data from /Applications/MAMP/htdocs/oechr/node_modules/rimraf/package.json
29 verbose installManyTop reading scoped package data from /Applications/MAMP/htdocs/oechr/node_modules/rxjs/package.json
30 verbose installManyTop reading scoped package data from /Applications/MAMP/htdocs/oechr/node_modules/systemjs/package.json
31 verbose installManyTop reading scoped package data from /Applications/MAMP/htdocs/oechr/node_modules/tslint/package.json
32 verbose installManyTop reading scoped package data from /Applications/MAMP/htdocs/oechr/node_modules/typescript/package.json
33 verbose installManyTop reading scoped package data from /Applications/MAMP/htdocs/oechr/node_modules/typings/package.json
34 verbose installManyTop reading scoped package data from /Applications/MAMP/htdocs/oechr/node_modules/zone.js/package.json
35 verbose installManyTop reading scoped package data from /Applications/MAMP/htdocs/oechr/node_modules/@angular/common/package.json
36 verbose installManyTop reading scoped package data from /Applications/MAMP/htdocs/oechr/node_modules/@angular/compiler/package.json
37 verbose installManyTop reading scoped package data from /Applications/MAMP/htdocs/oechr/node_modules/@angular/core/package.json
38 verbose installManyTop reading scoped package data from /Applications/MAMP/htdocs/oechr/node_modules/@angular/forms/package.json
39 verbose installManyTop reading scoped package data from /Applications/MAMP/htdocs/oechr/node_modules/@angular/http/package.json
40 verbose installManyTop reading scoped package data from /Applications/MAMP/htdocs/oechr/node_modules/@angular/platform-browser/package.json
41 verbose installManyTop reading scoped package data from /Applications/MAMP/htdocs/oechr/node_modules/@angular/platform-browser-dynamic/package.json
42 verbose installManyTop reading scoped package data from /Applications/MAMP/htdocs/oechr/node_modules/@angular/router/package.json
43 verbose installManyTop reading scoped package data from /Applications/MAMP/htdocs/oechr/node_modules/@angular/router-deprecated/package.json
44 verbose installManyTop reading scoped package data from /Applications/MAMP/htdocs/oechr/node_modules/@angular/upgrade/package.json
45 info package.json core-js@2.4.1 No README data
46 info package.json @angular/common@2.0.0-rc.3 No description
47 info package.json @angular/common@2.0.0-rc.3 No README data
48 info package.json typings@1.3.2 No README data
49 info package.json @angular/core@2.0.0-rc.3 No description
50 info package.json @angular/core@2.0.0-rc.3 No README data
51 info package.json @angular/forms@0.1.1 No description
52 info package.json @angular/forms@0.1.1 No README data
53 info package.json @angular/compiler@2.0.0-rc.3 No description
54 info package.json @angular/compiler@2.0.0-rc.3 No README data
55 info package.json @angular/http@2.0.0-rc.3 No description
56 info package.json @angular/http@2.0.0-rc.3 No README data
57 info package.json @angular/router-deprecated@2.0.0-rc.2 No description
58 info package.json @angular/router-deprecated@2.0.0-rc.2 No README data
59 info package.json @angular/platform-browser@2.0.0-rc.3 No description
60 info package.json @angular/platform-browser@2.0.0-rc.3 No README data
61 info package.json @angular/platform-browser-dynamic@2.0.0-rc.3 No description
62 info package.json @angular/platform-browser-dynamic@2.0.0-rc.3 No README data
63 info package.json @angular/upgrade@2.0.0-rc.3 No description
64 info package.json @angular/upgrade@2.0.0-rc.3 No README data
65 verbose readDependencies loading dependencies from /Applications/MAMP/htdocs/oechr/package.json
66 silly cache add args [ 'ng2-file-upload', null ]
67 verbose cache add spec ng2-file-upload
68 silly cache add parsed spec Result {
68 silly cache add   raw: 'ng2-file-upload',
68 silly cache add   scope: null,
68 silly cache add   name: 'ng2-file-upload',
68 silly cache add   rawSpec: '',
68 silly cache add   spec: 'latest',
68 silly cache add   type: 'tag' }
69 silly addNamed ng2-file-upload@latest
70 verbose addNamed "latest" is being treated as a dist-tag for ng2-file-upload
71 info addNameTag [ 'ng2-file-upload', 'latest' ]
72 silly mapToRegistry name ng2-file-upload
73 silly mapToRegistry using default registry
74 silly mapToRegistry registry https://registry.npmjs.org/
75 silly mapToRegistry data Result {
75 silly mapToRegistry   raw: 'ng2-file-upload',
75 silly mapToRegistry   scope: null,
75 silly mapToRegistry   name: 'ng2-file-upload',
75 silly mapToRegistry   rawSpec: '',
75 silly mapToRegistry   spec: 'latest',
75 silly mapToRegistry   type: 'tag' }
76 silly mapToRegistry uri https://registry.npmjs.org/ng2-file-upload
77 verbose addNameTag registry:https://registry.npmjs.org/ng2-file-upload not in flight; fetching
78 verbose request uri https://registry.npmjs.org/ng2-file-upload
79 verbose request no auth needed
80 info attempt registry request try #1 at 6:50:20 AM
81 verbose request id 819ab40f31c43f80
82 http request GET https://registry.npmjs.org/ng2-file-upload
83 http 200 https://registry.npmjs.org/ng2-file-upload
84 verbose headers { server: 'CouchDB/1.6.1 (Erlang OTP/R16B03)',
84 verbose headers   etag: '"1WOD58P9KLULHAWB2FUBXZPM7"',
84 verbose headers   'content-type': 'application/json',
84 verbose headers   'content-encoding': 'gzip',
84 verbose headers   'cache-control': 'max-age=300',
84 verbose headers   'content-length': '5490',
84 verbose headers   'accept-ranges': 'bytes',
84 verbose headers   date: 'Sun, 24 Jul 2016 04:50:21 GMT',
84 verbose headers   via: '1.1 varnish',
84 verbose headers   age: '0',
84 verbose headers   connection: 'keep-alive',
84 verbose headers   'x-served-by': 'cache-lhr6320-LHR',
84 verbose headers   'x-cache': 'MISS',
84 verbose headers   'x-cache-hits': '0',
84 verbose headers   'x-timer': 'S1469335820.924275,VS0,VE375',
84 verbose headers   vary: 'Accept-Encoding' }
85 silly get cb [ 200,
85 silly get   { server: 'CouchDB/1.6.1 (Erlang OTP/R16B03)',
85 silly get     etag: '"1WOD58P9KLULHAWB2FUBXZPM7"',
85 silly get     'content-type': 'application/json',
85 silly get     'content-encoding': 'gzip',
85 silly get     'cache-control': 'max-age=300',
85 silly get     'content-length': '5490',
85 silly get     'accept-ranges': 'bytes',
85 silly get     date: 'Sun, 24 Jul 2016 04:50:21 GMT',
85 silly get     via: '1.1 varnish',
85 silly get     age: '0',
85 silly get     connection: 'keep-alive',
85 silly get     'x-served-by': 'cache-lhr6320-LHR',
85 silly get     'x-cache': 'MISS',
85 silly get     'x-cache-hits': '0',
85 silly get     'x-timer': 'S1469335820.924275,VS0,VE375',
85 silly get     vary: 'Accept-Encoding' } ]
86 verbose get saving ng2-file-upload to /Users/escarabin/.npm/registry.npmjs.org/ng2-file-upload/.cache.json
87 verbose correctMkdir /Users/escarabin/.npm correctMkdir not in flight; initializing
88 silly addNameTag next cb for ng2-file-upload with tag latest
89 silly addNamed ng2-file-upload@1.0.3
90 verbose addNamed "1.0.3" is a plain semver version for ng2-file-upload
91 silly mapToRegistry name ng2-file-upload
92 silly mapToRegistry using default registry
93 silly mapToRegistry registry https://registry.npmjs.org/
94 silly mapToRegistry data Result {
94 silly mapToRegistry   raw: 'ng2-file-upload',
94 silly mapToRegistry   scope: null,
94 silly mapToRegistry   name: 'ng2-file-upload',
94 silly mapToRegistry   rawSpec: '',
94 silly mapToRegistry   spec: 'latest',
94 silly mapToRegistry   type: 'tag' }
95 silly mapToRegistry uri https://registry.npmjs.org/ng2-file-upload
96 verbose addRemoteTarball https://registry.npmjs.org/ng2-file-upload/-/ng2-file-upload-1.0.3.tgz not in flight; adding
97 verbose addRemoteTarball [ 'https://registry.npmjs.org/ng2-file-upload/-/ng2-file-upload-1.0.3.tgz',
97 verbose addRemoteTarball   '15a37a1031c423c0ebf4c2ede0f3cccf0e34d3a3' ]
98 info retry fetch attempt 1 at 6:50:21 AM
99 info attempt registry request try #1 at 6:50:21 AM
100 http fetch GET https://registry.npmjs.org/ng2-file-upload/-/ng2-file-upload-1.0.3.tgz
101 http fetch 200 https://registry.npmjs.org/ng2-file-upload/-/ng2-file-upload-1.0.3.tgz
102 silly fetchAndShaCheck shasum 15a37a1031c423c0ebf4c2ede0f3cccf0e34d3a3
103 verbose addTmpTarball /tmp/npm-24269-9e027fad/registry.npmjs.org/ng2-file-upload/-/ng2-file-upload-1.0.3.tgz not in flight; adding
104 verbose addTmpTarball already have metadata; skipping unpack for ng2-file-upload@1.0.3
105 verbose correctMkdir /Users/escarabin/.npm correctMkdir not in flight; initializing
106 silly cache afterAdd ng2-file-upload@1.0.3
107 verbose afterAdd /Users/escarabin/.npm/ng2-file-upload/1.0.3/package/package.json not in flight; writing
108 verbose correctMkdir /Users/escarabin/.npm correctMkdir not in flight; initializing
109 verbose afterAdd /Users/escarabin/.npm/ng2-file-upload/1.0.3/package/package.json written
110 silly install resolved [ { name: 'ng2-file-upload',
110 silly install resolved     version: '1.0.3',
110 silly install resolved     description: 'angular2 file upload directives',
110 silly install resolved     scripts:
110 silly install resolved      { 'flow.install:typings': 'typings install',
110 silly install resolved        'flow.compile': 'npm run flow.install:typings && npm run flow.compile:common && npm run flow.compile:system ',
110 silly install resolved        'flow.compile:common': 'tsc',
110 silly install resolved        'flow.compile:system': './.config/bundle-system.js',
110 silly install resolved        'flow.copy:src': 'cpy ng2-file-upload.ts "components/*.ts" ts --parents',
110 silly install resolved        'flow.clean': 'del bundles coverage demo-build typings "components/**/*.+(js|d.ts|js.map)" dist "ng2-file-upload.+(js|d.ts|js.map)"',
110 silly install resolved        'flow.deploy:gh-pages': 'npm run flow.build:prod && ./node_modules/.bin/gh-pages -d demo-build',
110 silly install resolved        'flow.eslint': 'eslint --ignore-path .gitignore  --ext js --fix . .config',
110 silly install resolved        'flow.tslint': 'gulp lint',
110 silly install resolved        'flow.lint': 'npm run flow.eslint && npm run flow.tslint',
110 silly install resolved        'flow.changelog': 'conventional-changelog -i CHANGELOG.md -s -p angular -v',
110 silly install resolved        'flow.github-release': 'conventional-github-releaser -p angular',
110 silly install resolved        'flow.build:prod': 'NODE_ENV=production ./node_modules/.bin/webpack --progress --color',
110 silly install resolved        'flow.build:dev': 'webpack --progress --color',
110 silly install resolved        'flow.serve:dev': 'webpack-dev-server --hot --inline --colors --display-error-details --display-cached',
110 silly install resolved        'flow.serve:prod': 'NODE_ENV=production ./node_modules/.bin/webpack-dev-server --hot --inline --colors --display-error-details --display-cached',
110 silly install resolved        prepublish: 'npm run flow.clean && npm run flow.compile',
110 silly install resolved        postpublish: 'npm run flow.deploy:gh-pages',
110 silly install resolved        start: 'npm run flow.serve:dev',
110 silly install resolved        pretest: 'npm run flow.lint',
110 silly install resolved        test: 'NODE_ENV=test ./node_modules/.bin/karma start',
110 silly install resolved        preversion: 'npm test',
110 silly install resolved        version: 'npm run flow.changelog && git add -A',
110 silly install resolved        postversion: 'git push origin master && git push --tags' },
110 silly install resolved     main: 'ng2-file-upload.js',
110 silly install resolved     typings: 'ng2-file-upload.d.ts',
110 silly install resolved     keywords: [ 'angular2', 'bootstrap', 'angularjs', 'twitter-bootstrap' ],
110 silly install resolved     author:
110 silly install resolved      { name: 'Vyacheslav Chub',
110 silly install resolved        email: 'vyacheslav.chub@valor-software.com' },
110 silly install resolved     license: 'MIT',
110 silly install resolved     repository:
110 silly install resolved      { type: 'git',
110 silly install resolved        url: 'git+ssh://git@github.com/valor-software/ng2-file-upload.git' },
110 silly install resolved     bugs: { url: 'https://github.com/valor-software/ng2-file-upload/issues' },
110 silly install resolved     homepage: 'https://github.com/valor-software/ng2-file-upload#readme',
110 silly install resolved     dependencies: {},
110 silly install resolved     peerDependencies:
110 silly install resolved      { '@angular/common': '^2.0.0-rc.1',
110 silly install resolved        '@angular/core': '^2.0.0-rc.1' },
110 silly install resolved     devDependencies:
110 silly install resolved      { '@angular/common': '^2.0.0-rc.1',
110 silly install resolved        '@angular/compiler': '^2.0.0-rc.1',
110 silly install resolved        '@angular/core': '^2.0.0-rc.1',
110 silly install resolved        '@angular/platform-browser': '^2.0.0-rc.1',
110 silly install resolved        '@angular/platform-browser-dynamic': '^2.0.0-rc.1',
110 silly install resolved        async: '1.5.2',
110 silly install resolved        bootstrap: '3.3.6',
110 silly install resolved        codecov: '1.0.1',
110 silly install resolved        'compression-webpack-plugin': '0.3.1',
110 silly install resolved        'conventional-changelog-cli': '1.2.0',
110 silly install resolved        'conventional-github-releaser': '1.1.2',
110 silly install resolved        'copy-webpack-plugin': '2.1.3',
110 silly install resolved        'cpy-cli': '1.0.0',
110 silly install resolved        'del-cli': '0.2.0',
110 silly install resolved        'es6-promise': '3.1.2',
110 silly install resolved        'es6-shim': '0.35.0',
110 silly install resolved        'es7-reflect-metadata': '1.6.0',
110 silly install resolved        'eslint-config-valorsoft': '0.0.11',
110 silly install resolved        'exports-loader': '0.6.3',
110 silly install resolved        'file-loader': '0.8.5',
110 silly install resolved        'gh-pages': '0.11.0',
110 silly install resolved        gulp: '3.9.1',
110 silly install resolved        'gulp-size': '2.1.0',
110 silly install resolved        'gulp-tslint': '5.0.0',
110 silly install resolved        'html-loader': '0.4.3',
110 silly install resolved        'html-webpack-plugin': '2.16.1',
110 silly install resolved        'istanbul-instrumenter-loader': '0.2.0',
110 silly install resolved        jasmine: '2.4.1',
110 silly install resolved        karma: '0.13.22',
110 silly install resolved        'karma-chrome-launcher': '1.0.1',
110 silly install resolved        'karma-coverage': '1.0.0',
110 silly install resolved        'karma-jasmine': '1.0.2',
110 silly install resolved        'karma-phantomjs-launcher': '1.0.0',
110 silly install resolved        'karma-sourcemap-loader': '0.3.7',
110 silly install resolved        'karma-spec-reporter': '0.0.26',
110 silly install resolved        'karma-webpack': '1.7.0',
110 silly install resolved        'lite-server': '2.2.0',
110 silly install resolved        'markdown-loader': '0.1.7',
110 silly install resolved        marked: '0.3.5',
110 silly install resolved        'ng2-bootstrap': '1.0.16',
110 silly install resolved        'phantomjs-polyfill': '0.0.2',
110 silly install resolved        'phantomjs-prebuilt': '2.1.7',
110 silly install resolved        'pre-commit': '1.1.3',
110 silly install resolved        prismjs: '1.4.1',
110 silly install resolved        'prismjs-loader': '0.0.3',
110 silly install resolved        'raw-loader': '0.5.1',
110 silly install resolved        'reflect-metadata': '0.1.2',
110 silly install resolved        'require-dir': '0.3.0',
110 silly install resolved        rxjs: '5.0.0-beta.6',
110 silly install resolved        'source-map-loader': '0.1.5',
110 silly install resolved        'systemjs-builder': '0.15.16',
110 silly install resolved        'ts-loader': '0.8.2',
110 silly install resolved        'tslint-config-valorsoft': '1.0.3',
110 silly install resolved        typescript: '1.8.10',
110 silly install resolved        typings: '0.8.1',
110 silly install resolved        webpack: '1.13.0',
110 silly install resolved        'webpack-dev-server': '1.14.1',
110 silly install resolved        'zone.js': '0.6.12' },
110 silly install resolved     contributors: [ [Object], [Object] ],
110 silly install resolved     gitHead: '85d996ea370a668ddb9b68de5e99d68e1cfba223',
110 silly install resolved     _id: 'ng2-file-upload@1.0.3',
110 silly install resolved     _shasum: '15a37a1031c423c0ebf4c2ede0f3cccf0e34d3a3',
110 silly install resolved     _from: 'ng2-file-upload@latest',
110 silly install resolved     _npmVersion: '3.8.6',
110 silly install resolved     _nodeVersion: '6.1.0',
110 silly install resolved     _npmUser: { name: 'valorkin', email: 'valorkin@gmail.com' },
110 silly install resolved     dist:
110 silly install resolved      { shasum: '15a37a1031c423c0ebf4c2ede0f3cccf0e34d3a3',
110 silly install resolved        tarball: 'https://registry.npmjs.org/ng2-file-upload/-/ng2-file-upload-1.0.3.tgz' },
110 silly install resolved     maintainers: [ [Object] ],
110 silly install resolved     _npmOperationalInternal:
110 silly install resolved      { host: 'packages-12-west.internal.npmjs.com',
110 silly install resolved        tmp: 'tmp/ng2-file-upload-1.0.3.tgz_1463058497625_0.7339367039967328' },
110 silly install resolved     directories: {},
110 silly install resolved     _resolved: 'https://registry.npmjs.org/ng2-file-upload/-/ng2-file-upload-1.0.3.tgz' } ]
111 info install ng2-file-upload@1.0.3 into /Applications/MAMP/htdocs/oechr
112 info installOne ng2-file-upload@1.0.3
113 verbose installOne of ng2-file-upload to /Applications/MAMP/htdocs/oechr not in flight; installing
114 verbose correctMkdir /Users/escarabin/.npm/_locks correctMkdir not in flight; initializing
115 verbose lock using /Users/escarabin/.npm/_locks/ng2-file-upload-af2595df5e139072.lock for /Applications/MAMP/htdocs/oechr/node_modules/ng2-file-upload
116 silly install write writing ng2-file-upload 1.0.3 to /Applications/MAMP/htdocs/oechr/node_modules/ng2-file-upload
117 verbose unbuild node_modules/ng2-file-upload
118 silly gentlyRm /Applications/MAMP/htdocs/oechr/node_modules/ng2-file-upload is being purged from base /Applications/MAMP/htdocs/oechr
119 verbose gentlyRm don't care about contents; nuking /Applications/MAMP/htdocs/oechr/node_modules/ng2-file-upload
120 verbose tar unpack /Users/escarabin/.npm/ng2-file-upload/1.0.3/package.tgz
121 verbose tar unpacking to /Applications/MAMP/htdocs/oechr/node_modules/ng2-file-upload
122 silly gentlyRm /Applications/MAMP/htdocs/oechr/node_modules/ng2-file-upload is being purged
123 verbose gentlyRm don't care about contents; nuking /Applications/MAMP/htdocs/oechr/node_modules/ng2-file-upload
124 silly gunzTarPerm modes [ '755', '644' ]
125 silly gunzTarPerm extractEntry package.json
126 silly gunzTarPerm extractEntry .npmignore
127 silly gunzTarPerm extractEntry README.md
128 silly gunzTarPerm extractEntry LICENSE
129 silly gunzTarPerm extractEntry gulpfile.js
130 silly gunzTarPerm extractEntry ng2-file-upload.js
131 silly gunzTarPerm extractEntry bundles/ng2-file-upload.js
132 silly gunzTarPerm extractEntry bundles/ng2-file-upload.min.js
133 silly gunzTarPerm extractEntry bundles/ng2-file-upload.js.gz
134 silly gunzTarPerm extractEntry bundles/ng2-file-upload.js.map.gz
135 silly gunzTarPerm extractEntry bundles/ng2-file-upload.min.js.gz
136 silly gunzTarPerm extractEntry bundles/ng2-file-upload.min.js.map.gz
137 silly gunzTarPerm extractEntry components/file-upload/file-item.class.js
138 silly gunzTarPerm extractEntry components/file-upload/file-like-object.class.js
139 silly gunzTarPerm extractEntry components/file-upload/file-drop.directive.js
140 silly gunzTarPerm extractEntry components/file-upload/file-select.directive.js
141 silly gunzTarPerm extractEntry components/file-upload/file-type.class.js
142 silly gunzTarPerm extractEntry components/file-upload/file-uploader.class.js
143 silly gunzTarPerm extractEntry components/file-upload/file-select.directive.d.ts
144 silly gunzTarPerm extractEntry components/file-upload/file-like-object.class.d.ts
145 silly gunzTarPerm extractEntry components/file-upload/file-item.class.d.ts
146 silly gunzTarPerm extractEntry components/file-upload/file-type.class.d.ts
147 silly gunzTarPerm extractEntry components/file-upload/file-drop.directive.d.ts
148 silly gunzTarPerm extractEntry components/file-upload/file-uploader.class.d.ts
149 silly gunzTarPerm extractEntry components/file-upload/readme.md
150 silly gunzTarPerm extractEntry .editorconfig
151 silly gunzTarPerm extractEntry .config/bundle-system.js
152 silly gunzTarPerm extractEntry ng2-file-upload.d.ts
153 silly gunzTarPerm extractEntry .travis.yml
154 silly gunzTarPerm extractEntry typings.json
155 silly gunzTarPerm extractEntry CHANGELOG.md
156 silly gunzTarPerm extractEntry .eslintrc.json
157 silly gunzTarPerm extractEntry tsconfig.json
158 silly gunzTarPerm extractEntry tslint.json
159 verbose write writing to /Applications/MAMP/htdocs/oechr/node_modules/ng2-file-upload/package.json
160 info preinstall ng2-file-upload@1.0.3
161 verbose readDependencies loading dependencies from /Applications/MAMP/htdocs/oechr/node_modules/ng2-file-upload/package.json
162 verbose readDependencies loading dependencies from /Applications/MAMP/htdocs/oechr/node_modules/ng2-file-upload/package.json
163 silly install resolved []
164 verbose about to build /Applications/MAMP/htdocs/oechr/node_modules/ng2-file-upload
165 info build /Applications/MAMP/htdocs/oechr/node_modules/ng2-file-upload
166 info linkStuff ng2-file-upload@1.0.3
167 silly linkStuff ng2-file-upload@1.0.3 has /Applications/MAMP/htdocs/oechr/node_modules as its parent node_modules
168 verbose linkBins ng2-file-upload@1.0.3
169 verbose linkMans ng2-file-upload@1.0.3
170 verbose rebuildBundles ng2-file-upload@1.0.3
171 info install ng2-file-upload@1.0.3
172 info postinstall ng2-file-upload@1.0.3
173 verbose unlock done using /Users/escarabin/.npm/_locks/ng2-file-upload-af2595df5e139072.lock for /Applications/MAMP/htdocs/oechr/node_modules/ng2-file-upload
174 verbose validateInstall loading /Applications/MAMP/htdocs/oechr/package.json for validation
175 verbose stack Error: The package @angular/common@2.0.0-rc.3 does not satisfy its siblings' peerDependencies requirements!
175 verbose stack     at /usr/local/lib/node_modules/npm/lib/install.js:125:32
175 verbose stack     at /usr/local/lib/node_modules/npm/lib/install.js:268:7
175 verbose stack     at /usr/local/lib/node_modules/npm/node_modules/read-installed/read-installed.js:142:5
175 verbose stack     at /usr/local/lib/node_modules/npm/node_modules/read-installed/read-installed.js:263:14
175 verbose stack     at cb (/usr/local/lib/node_modules/npm/node_modules/slide/lib/async-map.js:47:24)
175 verbose stack     at /usr/local/lib/node_modules/npm/node_modules/read-installed/read-installed.js:263:14
175 verbose stack     at cb (/usr/local/lib/node_modules/npm/node_modules/slide/lib/async-map.js:47:24)
175 verbose stack     at /usr/local/lib/node_modules/npm/node_modules/read-installed/read-installed.js:263:14
175 verbose stack     at cb (/usr/local/lib/node_modules/npm/node_modules/slide/lib/async-map.js:47:24)
175 verbose stack     at /usr/local/lib/node_modules/npm/node_modules/read-installed/read-installed.js:263:14
176 verbose cwd /Applications/MAMP/htdocs/oechr/public
177 error Darwin 16.0.0
178 error argv "/usr/local/bin/node" "/usr/local/bin/npm" "install" "ng2-file-upload" "--save"
179 error node v4.4.7
180 error npm  v2.15.8
181 error code EPEERINVALID
182 error peerinvalid The package @angular/common@2.0.0-rc.3 does not satisfy its siblings' peerDependencies requirements!
182 error peerinvalid Peer @angular/forms@0.1.1 wants @angular/common@2.0.0-rc.3
182 error peerinvalid Peer @angular/platform-browser@2.0.0-rc.3 wants @angular/common@2.0.0-rc.3
182 error peerinvalid Peer @angular/platform-browser-dynamic@2.0.0-rc.3 wants @angular/common@2.0.0-rc.3
182 error peerinvalid Peer @angular/router@3.0.0-alpha.7 wants @angular/common@^2.0.0-rc.2
182 error peerinvalid Peer @angular/router-deprecated@2.0.0-rc.2 wants @angular/common@^2.0.0-rc
182 error peerinvalid Peer ng2-bootstrap@1.0.24 wants @angular/common@2.0.0-rc.4
182 error peerinvalid Peer ng2-file-upload@1.0.3 wants @angular/common@^2.0.0-rc.1
183 verbose exit [ 1, true ]
